{
  "RSpec": {
    "coverage": {
      "/Users/aidanquilligan/rails_projects/demo_blog/config/environment.rb": [
        null,
        1,
        null,
        null,
        1
      ],
      "/Users/aidanquilligan/rails_projects/demo_blog/config/application.rb": [
        1,
        null,
        1,
        null,
        null,
        null,
        1,
        null,
        1,
        1,
        null,
        null,
        null,
        null,
        null,
        null,
        null,
        null,
        null,
        null,
        null,
        null,
        null
      ],
      "/Users/aidanquilligan/rails_projects/demo_blog/config/boot.rb": [
        null,
        1,
        null,
        1
      ],
      "/Users/aidanquilligan/rails_projects/demo_blog/config/environments/test.rb": [
        1,
        null,
        null,
        null,
        null,
        null,
        null,
        1,
        null,
        null,
        null,
        null,
        1,
        null,
        null,
        1,
        1,
        null,
        null,
        1,
        1,
        null,
        null,
        1,
        null,
        null,
        1,
        null,
        null,
        null,
        null,
        1,
        null,
        null,
        1,
        null
      ],
      "/Users/aidanquilligan/rails_projects/demo_blog/config/initializers/backtrace_silencers.rb": [
        null,
        null,
        null,
        null,
        null,
        null,
        null
      ],
      "/Users/aidanquilligan/rails_projects/demo_blog/config/initializers/filter_parameter_logging.rb": [
        null,
        null,
        null,
        1
      ],
      "/Users/aidanquilligan/rails_projects/demo_blog/config/initializers/inflections.rb": [
        null,
        null,
        null,
        null,
        null,
        null,
        null,
        null,
        null,
        null,
        null,
        null,
        null,
        null,
        null,
        null
      ],
      "/Users/aidanquilligan/rails_projects/demo_blog/config/initializers/mime_types.rb": [
        null,
        null,
        null,
        null,
        null
      ],
      "/Users/aidanquilligan/rails_projects/demo_blog/config/initializers/secret_token.rb": [
        null,
        null,
        null,
        null,
        null,
        null,
        null,
        null,
        null,
        null,
        null,
        1,
        null,
        1,
        1,
        1,
        null,
        1,
        null,
        null,
        0,
        0,
        0,
        null,
        null,
        null,
        1
      ],
      "/Users/aidanquilligan/rails_projects/demo_blog/config/initializers/session_store.rb": [
        null,
        null,
        1
      ],
      "/Users/aidanquilligan/rails_projects/demo_blog/config/initializers/wrap_parameters.rb": [
        null,
        null,
        null,
        null,
        null,
        null,
        1,
        1,
        null,
        null,
        null,
        null,
        null,
        null
      ],
      "/Users/aidanquilligan/rails_projects/demo_blog/config/routes.rb": [
        1,
        1,
        1,
        1,
        1,
        null,
        1,
        1,
        null,
        null,
        null,
        null,
        null,
        null,
        null,
        null,
        null,
        null,
        null,
        null,
        null,
        null,
        null,
        null,
        null,
        null,
        null,
        null,
        null,
        null,
        null,
        null,
        null,
        null,
        null,
        null,
        null,
        null,
        null,
        null,
        null,
        null,
        null,
        null,
        null,
        null,
        null,
        null,
        null,
        null,
        null,
        null,
        null,
        null,
        null,
        null,
        null,
        null,
        null,
        null,
        null,
        null,
        null,
        null
      ],
      "/Users/aidanquilligan/rails_projects/demo_blog/app/helpers/application_helper.rb": [
        1,
        null
      ],
      "/Users/aidanquilligan/rails_projects/demo_blog/app/helpers/posts_helper.rb": [
        1,
        null
      ],
      "/Users/aidanquilligan/rails_projects/demo_blog/app/helpers/sessions_helper.rb": [
        1,
        null,
        1,
        0,
        null,
        null,
        1,
        0,
        null,
        null,
        1,
        0,
        null,
        null,
        1,
        0,
        null,
        null,
        null
      ],
      "/Users/aidanquilligan/rails_projects/demo_blog/app/helpers/users_helper.rb": [
        1,
        null
      ],
      "/Users/aidanquilligan/rails_projects/demo_blog/app/models/post.rb": [
        1,
        1,
        1,
        null
      ]
    },
    "timestamp": 1402349399
  }
}
